2023-04-22 16:49:34,975 INFO org.springframework.boot.admin.SpringApplicationAdminMXBeanRegistrar$SpringApplicationAdmin [RMI TCP Connection(28)-127.0.0.1] Application shutdown requested.
2023-04-22 16:49:35,260 INFO org.apache.catalina.core.StandardService [RMI TCP Connection(28)-127.0.0.1] Stopping service [Tomcat]
2023-04-22 16:49:35,296 INFO org.springframework.orm.jpa.LocalContainerEntityManagerFactoryBean [RMI TCP Connection(28)-127.0.0.1] Closing JPA EntityManagerFactory for persistence unit 'default'
2023-04-22 16:49:35,302 INFO com.zaxxer.hikari.HikariDataSource [RMI TCP Connection(28)-127.0.0.1] HikariPool-1 - Shutdown initiated...
2023-04-22 16:49:35,317 INFO com.zaxxer.hikari.HikariDataSource [RMI TCP Connection(28)-127.0.0.1] HikariPool-1 - Shutdown completed.
2023-04-22 18:07:13,183 INFO com.capstone.project.EmployeeManagementSystemApplication [main] Starting EmployeeManagementSystemApplication using Java 17.0.6 on HP with PID 15496 (C:\Users\Rural Water\eclipse-workspace\employee-management-system\target\classes started by Rural Water in C:\Users\Rural Water\eclipse-workspace\employee-management-system)
2023-04-22 18:07:13,185 INFO com.capstone.project.EmployeeManagementSystemApplication [main] No active profile set, falling back to 1 default profile: "default"
2023-04-22 18:07:13,783 INFO org.springframework.data.repository.config.RepositoryConfigurationDelegate [main] Bootstrapping Spring Data JPA repositories in DEFAULT mode.
2023-04-22 18:07:13,913 INFO org.springframework.data.repository.config.RepositoryConfigurationDelegate [main] Finished Spring Data repository scanning in 124 ms. Found 1 JPA repository interfaces.
2023-04-22 18:07:14,328 INFO org.springframework.boot.web.embedded.tomcat.TomcatWebServer [main] Tomcat initialized with port(s): 8084 (http)
2023-04-22 18:07:14,336 INFO org.apache.catalina.core.StandardService [main] Starting service [Tomcat]
2023-04-22 18:07:14,336 INFO org.apache.catalina.core.StandardEngine [main] Starting Servlet engine: [Apache Tomcat/9.0.74]
2023-04-22 18:07:14,786 INFO org.apache.catalina.core.ContainerBase.[Tomcat].[localhost].[/] [main] Initializing Spring embedded WebApplicationContext
2023-04-22 18:07:14,786 INFO org.springframework.boot.web.servlet.context.ServletWebServerApplicationContext [main] Root WebApplicationContext: initialization completed in 1556 ms
2023-04-22 18:07:14,939 INFO org.hibernate.jpa.internal.util.LogHelper [main] HHH000204: Processing PersistenceUnitInfo [name: default]
2023-04-22 18:07:14,989 INFO org.hibernate.Version [main] HHH000412: Hibernate ORM core version 5.6.15.Final
2023-04-22 18:07:15,145 INFO org.hibernate.annotations.common.Version [main] HCANN000001: Hibernate Commons Annotations {5.1.2.Final}
2023-04-22 18:07:15,226 INFO com.zaxxer.hikari.HikariDataSource [main] HikariPool-1 - Starting...
2023-04-22 18:07:15,539 INFO com.zaxxer.hikari.HikariDataSource [main] HikariPool-1 - Start completed.
2023-04-22 18:07:15,565 INFO org.hibernate.dialect.Dialect [main] HHH000400: Using dialect: org.hibernate.dialect.MySQL8Dialect
2023-04-22 18:07:16,083 INFO org.hibernate.engine.transaction.jta.platform.internal.JtaPlatformInitiator [main] HHH000490: Using JtaPlatform implementation: [org.hibernate.engine.transaction.jta.platform.internal.NoJtaPlatform]
2023-04-22 18:07:16,102 INFO org.springframework.orm.jpa.LocalContainerEntityManagerFactoryBean [main] Initialized JPA EntityManagerFactory for persistence unit 'default'
2023-04-22 18:07:16,366 WARN org.springframework.boot.autoconfigure.orm.jpa.JpaBaseConfiguration$JpaWebConfiguration [main] spring.jpa.open-in-view is enabled by default. Therefore, database queries may be performed during view rendering. Explicitly configure spring.jpa.open-in-view to disable this warning
2023-04-22 18:07:17,170 INFO org.springframework.boot.web.embedded.tomcat.TomcatWebServer [main] Tomcat started on port(s): 8084 (http) with context path ''
2023-04-22 18:07:17,178 INFO com.capstone.project.EmployeeManagementSystemApplication [main] Started EmployeeManagementSystemApplication in 4.281 seconds (JVM running for 5.321)
2023-04-22 18:09:33,711 INFO com.capstone.project.EmployeeManagementSystemApplication [main] Starting EmployeeManagementSystemApplication using Java 17.0.6 on HP with PID 24508 (C:\Users\Rural Water\eclipse-workspace\employee-management-system\target\classes started by Rural Water in C:\Users\Rural Water\eclipse-workspace\employee-management-system)
2023-04-22 18:09:33,714 INFO com.capstone.project.EmployeeManagementSystemApplication [main] No active profile set, falling back to 1 default profile: "default"
2023-04-22 18:09:34,128 INFO org.springframework.data.repository.config.RepositoryConfigurationDelegate [main] Bootstrapping Spring Data JPA repositories in DEFAULT mode.
2023-04-22 18:09:34,217 INFO org.springframework.data.repository.config.RepositoryConfigurationDelegate [main] Finished Spring Data repository scanning in 81 ms. Found 1 JPA repository interfaces.
2023-04-22 18:09:34,522 INFO org.springframework.boot.web.embedded.tomcat.TomcatWebServer [main] Tomcat initialized with port(s): 8085 (http)
2023-04-22 18:09:34,528 INFO org.apache.catalina.core.StandardService [main] Starting service [Tomcat]
2023-04-22 18:09:34,528 INFO org.apache.catalina.core.StandardEngine [main] Starting Servlet engine: [Apache Tomcat/9.0.74]
2023-04-22 18:09:34,902 INFO org.apache.catalina.core.ContainerBase.[Tomcat].[localhost].[/] [main] Initializing Spring embedded WebApplicationContext
2023-04-22 18:09:34,902 INFO org.springframework.boot.web.servlet.context.ServletWebServerApplicationContext [main] Root WebApplicationContext: initialization completed in 1158 ms
2023-04-22 18:09:35,008 INFO org.hibernate.jpa.internal.util.LogHelper [main] HHH000204: Processing PersistenceUnitInfo [name: default]
2023-04-22 18:09:35,040 INFO org.hibernate.Version [main] HHH000412: Hibernate ORM core version 5.6.15.Final
2023-04-22 18:09:35,132 INFO org.hibernate.annotations.common.Version [main] HCANN000001: Hibernate Commons Annotations {5.1.2.Final}
2023-04-22 18:09:35,191 INFO com.zaxxer.hikari.HikariDataSource [main] HikariPool-1 - Starting...
2023-04-22 18:09:35,421 INFO com.zaxxer.hikari.HikariDataSource [main] HikariPool-1 - Start completed.
2023-04-22 18:09:35,438 INFO org.hibernate.dialect.Dialect [main] HHH000400: Using dialect: org.hibernate.dialect.MySQL8Dialect
2023-04-22 18:09:35,792 INFO org.hibernate.engine.transaction.jta.platform.internal.JtaPlatformInitiator [main] HHH000490: Using JtaPlatform implementation: [org.hibernate.engine.transaction.jta.platform.internal.NoJtaPlatform]
2023-04-22 18:09:35,805 INFO org.springframework.orm.jpa.LocalContainerEntityManagerFactoryBean [main] Initialized JPA EntityManagerFactory for persistence unit 'default'
2023-04-22 18:09:36,005 WARN org.springframework.boot.autoconfigure.orm.jpa.JpaBaseConfiguration$JpaWebConfiguration [main] spring.jpa.open-in-view is enabled by default. Therefore, database queries may be performed during view rendering. Explicitly configure spring.jpa.open-in-view to disable this warning
2023-04-22 18:09:36,632 INFO org.springframework.boot.web.embedded.tomcat.TomcatWebServer [main] Tomcat started on port(s): 8085 (http) with context path ''
2023-04-22 18:09:36,639 INFO com.capstone.project.EmployeeManagementSystemApplication [main] Started EmployeeManagementSystemApplication in 3.155 seconds (JVM running for 4.029)
2023-04-22 18:19:07,938 INFO org.springframework.boot.admin.SpringApplicationAdminMXBeanRegistrar$SpringApplicationAdmin [RMI TCP Connection(16)-127.0.0.1] Application shutdown requested.
2023-04-22 18:19:07,948 INFO org.apache.catalina.core.StandardService [RMI TCP Connection(16)-127.0.0.1] Stopping service [Tomcat]
2023-04-22 18:19:07,971 INFO org.springframework.orm.jpa.LocalContainerEntityManagerFactoryBean [RMI TCP Connection(16)-127.0.0.1] Closing JPA EntityManagerFactory for persistence unit 'default'
2023-04-22 18:19:07,973 INFO com.zaxxer.hikari.HikariDataSource [RMI TCP Connection(16)-127.0.0.1] HikariPool-1 - Shutdown initiated...
2023-04-22 18:19:07,980 INFO com.zaxxer.hikari.HikariDataSource [RMI TCP Connection(16)-127.0.0.1] HikariPool-1 - Shutdown completed.
2023-04-22 18:19:08,402 INFO org.springframework.boot.admin.SpringApplicationAdminMXBeanRegistrar$SpringApplicationAdmin [RMI TCP Connection(13)-127.0.0.1] Application shutdown requested.
2023-04-22 18:19:08,500 INFO org.apache.catalina.core.StandardService [RMI TCP Connection(13)-127.0.0.1] Stopping service [Tomcat]
2023-04-22 18:19:08,518 INFO org.springframework.orm.jpa.LocalContainerEntityManagerFactoryBean [RMI TCP Connection(13)-127.0.0.1] Closing JPA EntityManagerFactory for persistence unit 'default'
2023-04-22 18:19:08,518 INFO com.zaxxer.hikari.HikariDataSource [RMI TCP Connection(13)-127.0.0.1] HikariPool-1 - Shutdown initiated...
2023-04-22 18:19:08,525 INFO com.zaxxer.hikari.HikariDataSource [RMI TCP Connection(13)-127.0.0.1] HikariPool-1 - Shutdown completed.
2023-04-22 22:22:24,265 INFO com.capstone.project.EmployeeManagementSystemApplication [main] Starting EmployeeManagementSystemApplication using Java 17.0.6 on HP with PID 17836 (C:\Users\Rural Water\eclipse-workspace\employee-management-system\target\classes started by Rural Water in C:\Users\Rural Water\eclipse-workspace\employee-management-system)
2023-04-22 22:22:24,270 INFO com.capstone.project.EmployeeManagementSystemApplication [main] No active profile set, falling back to 1 default profile: "default"
2023-04-22 22:22:25,183 INFO org.springframework.data.repository.config.RepositoryConfigurationDelegate [main] Bootstrapping Spring Data JPA repositories in DEFAULT mode.
2023-04-22 22:22:25,427 INFO org.springframework.data.repository.config.RepositoryConfigurationDelegate [main] Finished Spring Data repository scanning in 232 ms. Found 1 JPA repository interfaces.
2023-04-22 22:22:26,157 INFO org.springframework.boot.web.embedded.tomcat.TomcatWebServer [main] Tomcat initialized with port(s): 8085 (http)
2023-04-22 22:22:26,169 INFO org.apache.catalina.core.StandardService [main] Starting service [Tomcat]
2023-04-22 22:22:26,170 INFO org.apache.catalina.core.StandardEngine [main] Starting Servlet engine: [Apache Tomcat/9.0.74]
2023-04-22 22:22:26,542 INFO org.apache.catalina.core.ContainerBase.[Tomcat].[localhost].[/] [main] Initializing Spring embedded WebApplicationContext
2023-04-22 22:22:26,543 INFO org.springframework.boot.web.servlet.context.ServletWebServerApplicationContext [main] Root WebApplicationContext: initialization completed in 2199 ms
2023-04-22 22:22:26,741 INFO org.hibernate.jpa.internal.util.LogHelper [main] HHH000204: Processing PersistenceUnitInfo [name: default]
2023-04-22 22:22:26,817 INFO org.hibernate.Version [main] HHH000412: Hibernate ORM core version 5.6.15.Final
2023-04-22 22:22:27,010 INFO org.hibernate.annotations.common.Version [main] HCANN000001: Hibernate Commons Annotations {5.1.2.Final}
2023-04-22 22:22:27,186 INFO com.zaxxer.hikari.HikariDataSource [main] HikariPool-1 - Starting...
2023-04-22 22:22:27,522 INFO com.zaxxer.hikari.HikariDataSource [main] HikariPool-1 - Start completed.
2023-04-22 22:22:27,566 INFO org.hibernate.dialect.Dialect [main] HHH000400: Using dialect: org.hibernate.dialect.MySQL8Dialect
2023-04-22 22:22:28,194 INFO org.hibernate.engine.transaction.jta.platform.internal.JtaPlatformInitiator [main] HHH000490: Using JtaPlatform implementation: [org.hibernate.engine.transaction.jta.platform.internal.NoJtaPlatform]
2023-04-22 22:22:28,203 INFO org.springframework.orm.jpa.LocalContainerEntityManagerFactoryBean [main] Initialized JPA EntityManagerFactory for persistence unit 'default'
2023-04-22 22:22:28,463 WARN org.springframework.boot.autoconfigure.orm.jpa.JpaBaseConfiguration$JpaWebConfiguration [main] spring.jpa.open-in-view is enabled by default. Therefore, database queries may be performed during view rendering. Explicitly configure spring.jpa.open-in-view to disable this warning
2023-04-22 22:22:29,467 INFO org.springframework.boot.web.embedded.tomcat.TomcatWebServer [main] Tomcat started on port(s): 8085 (http) with context path ''
2023-04-22 22:22:29,475 INFO com.capstone.project.EmployeeManagementSystemApplication [main] Started EmployeeManagementSystemApplication in 5.859 seconds (JVM running for 7.447)
2023-04-22 22:53:36,525 INFO com.capstone.project.EmployeeManagementSystemApplication [main] Starting EmployeeManagementSystemApplication using Java 17.0.6 on HP with PID 3876 (C:\Users\Rural Water\eclipse-workspace\employee-management-system\target\classes started by Rural Water in C:\Users\Rural Water\eclipse-workspace\employee-management-system)
2023-04-22 22:53:36,528 INFO com.capstone.project.EmployeeManagementSystemApplication [main] No active profile set, falling back to 1 default profile: "default"
2023-04-22 22:53:37,003 INFO org.springframework.data.repository.config.RepositoryConfigurationDelegate [main] Bootstrapping Spring Data JPA repositories in DEFAULT mode.
2023-04-22 22:53:37,086 INFO org.springframework.data.repository.config.RepositoryConfigurationDelegate [main] Finished Spring Data repository scanning in 74 ms. Found 1 JPA repository interfaces.
2023-04-22 22:53:37,500 INFO org.springframework.boot.web.embedded.tomcat.TomcatWebServer [main] Tomcat initialized with port(s): 8085 (http)
2023-04-22 22:53:37,510 INFO org.apache.catalina.core.StandardService [main] Starting service [Tomcat]
2023-04-22 22:53:37,510 INFO org.apache.catalina.core.StandardEngine [main] Starting Servlet engine: [Apache Tomcat/9.0.74]
2023-04-22 22:53:38,097 INFO org.apache.catalina.core.ContainerBase.[Tomcat].[localhost].[/] [main] Initializing Spring embedded WebApplicationContext
2023-04-22 22:53:38,098 INFO org.springframework.boot.web.servlet.context.ServletWebServerApplicationContext [main] Root WebApplicationContext: initialization completed in 1536 ms
2023-04-22 22:53:38,238 INFO org.hibernate.jpa.internal.util.LogHelper [main] HHH000204: Processing PersistenceUnitInfo [name: default]
2023-04-22 22:53:38,303 INFO org.hibernate.Version [main] HHH000412: Hibernate ORM core version 5.6.15.Final
2023-04-22 22:53:38,447 INFO org.hibernate.annotations.common.Version [main] HCANN000001: Hibernate Commons Annotations {5.1.2.Final}
2023-04-22 22:53:38,523 INFO com.zaxxer.hikari.HikariDataSource [main] HikariPool-1 - Starting...
2023-04-22 22:53:38,781 INFO com.zaxxer.hikari.HikariDataSource [main] HikariPool-1 - Start completed.
2023-04-22 22:53:38,809 INFO org.hibernate.dialect.Dialect [main] HHH000400: Using dialect: org.hibernate.dialect.MySQL8Dialect
2023-04-22 22:53:39,294 INFO org.hibernate.engine.transaction.jta.platform.internal.JtaPlatformInitiator [main] HHH000490: Using JtaPlatform implementation: [org.hibernate.engine.transaction.jta.platform.internal.NoJtaPlatform]
2023-04-22 22:53:39,325 INFO org.springframework.orm.jpa.LocalContainerEntityManagerFactoryBean [main] Initialized JPA EntityManagerFactory for persistence unit 'default'
2023-04-22 22:53:39,538 WARN org.springframework.boot.autoconfigure.orm.jpa.JpaBaseConfiguration$JpaWebConfiguration [main] spring.jpa.open-in-view is enabled by default. Therefore, database queries may be performed during view rendering. Explicitly configure spring.jpa.open-in-view to disable this warning
2023-04-22 22:53:40,362 WARN org.springframework.boot.web.servlet.context.AnnotationConfigServletWebServerApplicationContext [main] Exception encountered during context initialization - cancelling refresh attempt: org.springframework.context.ApplicationContextException: Failed to start bean 'webServerStartStop'; nested exception is org.springframework.boot.web.server.PortInUseException: Port 8085 is already in use
2023-04-22 22:53:40,398 INFO org.springframework.orm.jpa.LocalContainerEntityManagerFactoryBean [main] Closing JPA EntityManagerFactory for persistence unit 'default'
2023-04-22 22:53:40,400 INFO com.zaxxer.hikari.HikariDataSource [main] HikariPool-1 - Shutdown initiated...
2023-04-22 22:53:40,409 INFO com.zaxxer.hikari.HikariDataSource [main] HikariPool-1 - Shutdown completed.
2023-04-22 22:53:40,411 INFO org.apache.catalina.core.StandardService [main] Stopping service [Tomcat]
2023-04-22 22:53:40,420 INFO org.springframework.boot.autoconfigure.logging.ConditionEvaluationReportLoggingListener [main] 

Error starting ApplicationContext. To display the conditions report re-run your application with 'debug' enabled.
2023-04-22 22:53:40,432 ERROR org.springframework.boot.diagnostics.LoggingFailureAnalysisReporter [main] 

***************************
APPLICATION FAILED TO START
***************************

Description:

Web server failed to start. Port 8085 was already in use.

Action:

Identify and stop the process that's listening on port 8085 or configure this application to listen on another port.

2023-04-22 22:54:31,546 INFO com.capstone.project.EmployeeManagementSystemApplication [main] Starting EmployeeManagementSystemApplication using Java 17.0.6 on HP with PID 23356 (C:\Users\Rural Water\eclipse-workspace\employee-management-system\target\classes started by Rural Water in C:\Users\Rural Water\eclipse-workspace\employee-management-system)
2023-04-22 22:54:31,550 INFO com.capstone.project.EmployeeManagementSystemApplication [main] No active profile set, falling back to 1 default profile: "default"
2023-04-22 22:54:32,031 INFO org.springframework.data.repository.config.RepositoryConfigurationDelegate [main] Bootstrapping Spring Data JPA repositories in DEFAULT mode.
2023-04-22 22:54:32,120 INFO org.springframework.data.repository.config.RepositoryConfigurationDelegate [main] Finished Spring Data repository scanning in 84 ms. Found 1 JPA repository interfaces.
2023-04-22 22:54:32,456 INFO org.springframework.boot.web.embedded.tomcat.TomcatWebServer [main] Tomcat initialized with port(s): 8086 (http)
2023-04-22 22:54:32,462 INFO org.apache.catalina.core.StandardService [main] Starting service [Tomcat]
2023-04-22 22:54:32,463 INFO org.apache.catalina.core.StandardEngine [main] Starting Servlet engine: [Apache Tomcat/9.0.74]
2023-04-22 22:54:32,748 INFO org.apache.catalina.core.ContainerBase.[Tomcat].[localhost].[/] [main] Initializing Spring embedded WebApplicationContext
2023-04-22 22:54:32,749 INFO org.springframework.boot.web.servlet.context.ServletWebServerApplicationContext [main] Root WebApplicationContext: initialization completed in 1151 ms
2023-04-22 22:54:32,852 INFO org.hibernate.jpa.internal.util.LogHelper [main] HHH000204: Processing PersistenceUnitInfo [name: default]
2023-04-22 22:54:32,886 INFO org.hibernate.Version [main] HHH000412: Hibernate ORM core version 5.6.15.Final
2023-04-22 22:54:32,973 INFO org.hibernate.annotations.common.Version [main] HCANN000001: Hibernate Commons Annotations {5.1.2.Final}
2023-04-22 22:54:33,033 INFO com.zaxxer.hikari.HikariDataSource [main] HikariPool-1 - Starting...
2023-04-22 22:54:33,250 INFO com.zaxxer.hikari.HikariDataSource [main] HikariPool-1 - Start completed.
2023-04-22 22:54:33,268 INFO org.hibernate.dialect.Dialect [main] HHH000400: Using dialect: org.hibernate.dialect.MySQL8Dialect
2023-04-22 22:54:33,676 INFO org.hibernate.engine.transaction.jta.platform.internal.JtaPlatformInitiator [main] HHH000490: Using JtaPlatform implementation: [org.hibernate.engine.transaction.jta.platform.internal.NoJtaPlatform]
2023-04-22 22:54:33,710 INFO org.springframework.orm.jpa.LocalContainerEntityManagerFactoryBean [main] Initialized JPA EntityManagerFactory for persistence unit 'default'
2023-04-22 22:54:33,900 WARN org.springframework.boot.autoconfigure.orm.jpa.JpaBaseConfiguration$JpaWebConfiguration [main] spring.jpa.open-in-view is enabled by default. Therefore, database queries may be performed during view rendering. Explicitly configure spring.jpa.open-in-view to disable this warning
2023-04-22 22:54:34,709 INFO org.springframework.boot.web.embedded.tomcat.TomcatWebServer [main] Tomcat started on port(s): 8086 (http) with context path ''
2023-04-22 22:54:34,716 INFO com.capstone.project.EmployeeManagementSystemApplication [main] Started EmployeeManagementSystemApplication in 3.451 seconds (JVM running for 4.289)
2023-04-22 22:56:30,343 INFO org.apache.catalina.core.ContainerBase.[Tomcat].[localhost].[/] [http-nio-8086-exec-2] Initializing Spring DispatcherServlet 'dispatcherServlet'
2023-04-22 22:56:30,344 INFO org.springframework.web.servlet.DispatcherServlet [http-nio-8086-exec-2] Initializing Servlet 'dispatcherServlet'
2023-04-22 22:56:30,345 INFO org.springframework.web.servlet.DispatcherServlet [http-nio-8086-exec-2] Completed initialization in 1 ms
2023-04-22 22:56:30,774 INFO org.springdoc.api.AbstractOpenApiResource [http-nio-8086-exec-8] Init duration for springdoc-openapi is: 139 ms
2023-04-22 22:56:43,635 INFO com.capstone.project.controller.EmployeeController [http-nio-8086-exec-1] Record of employeeId(1008)is called
2023-04-22 22:57:01,379 INFO com.capstone.project.controller.EmployeeController [http-nio-8086-exec-3] Record of employeeId(1004)is called
2023-04-22 23:02:09,071 INFO org.springframework.boot.admin.SpringApplicationAdminMXBeanRegistrar$SpringApplicationAdmin [RMI TCP Connection(43)-127.0.0.1] Application shutdown requested.
2023-04-22 23:02:09,281 INFO org.apache.catalina.core.StandardService [RMI TCP Connection(43)-127.0.0.1] Stopping service [Tomcat]
2023-04-22 23:02:09,468 INFO org.springframework.orm.jpa.LocalContainerEntityManagerFactoryBean [RMI TCP Connection(43)-127.0.0.1] Closing JPA EntityManagerFactory for persistence unit 'default'
2023-04-22 23:02:09,503 INFO com.zaxxer.hikari.HikariDataSource [RMI TCP Connection(43)-127.0.0.1] HikariPool-1 - Shutdown initiated...
2023-04-22 23:02:09,518 INFO com.zaxxer.hikari.HikariDataSource [RMI TCP Connection(43)-127.0.0.1] HikariPool-1 - Shutdown completed.
2023-04-22 23:02:09,982 INFO org.springframework.boot.admin.SpringApplicationAdminMXBeanRegistrar$SpringApplicationAdmin [RMI TCP Connection(11)-127.0.0.1] Application shutdown requested.
2023-04-22 23:02:09,996 INFO org.apache.catalina.core.StandardService [RMI TCP Connection(11)-127.0.0.1] Stopping service [Tomcat]
2023-04-22 23:02:09,997 INFO org.apache.catalina.core.ContainerBase.[Tomcat].[localhost].[/] [RMI TCP Connection(11)-127.0.0.1] Destroying Spring FrameworkServlet 'dispatcherServlet'
2023-04-22 23:02:10,014 INFO org.springframework.orm.jpa.LocalContainerEntityManagerFactoryBean [RMI TCP Connection(11)-127.0.0.1] Closing JPA EntityManagerFactory for persistence unit 'default'
2023-04-22 23:02:10,016 INFO com.zaxxer.hikari.HikariDataSource [RMI TCP Connection(11)-127.0.0.1] HikariPool-1 - Shutdown initiated...
2023-04-22 23:02:10,025 INFO com.zaxxer.hikari.HikariDataSource [RMI TCP Connection(11)-127.0.0.1] HikariPool-1 - Shutdown completed.
