2023-04-23 22:14:24,325 INFO com.capstone.project.EmployeeManagementSystemApplication [main] Starting EmployeeManagementSystemApplication using Java 17.0.6 on HP with PID 22108 (C:\Users\Rural Water\eclipse-workspace\employee-management-system\target\classes started by Rural Water in C:\Users\Rural Water\eclipse-workspace\employee-management-system)
2023-04-23 22:14:24,332 INFO com.capstone.project.EmployeeManagementSystemApplication [main] No active profile set, falling back to 1 default profile: "default"
2023-04-23 22:14:25,288 INFO org.springframework.data.repository.config.RepositoryConfigurationDelegate [main] Bootstrapping Spring Data JPA repositories in DEFAULT mode.
2023-04-23 22:14:25,491 INFO org.springframework.data.repository.config.RepositoryConfigurationDelegate [main] Finished Spring Data repository scanning in 192 ms. Found 1 JPA repository interfaces.
2023-04-23 22:14:26,063 INFO org.springframework.boot.web.embedded.tomcat.TomcatWebServer [main] Tomcat initialized with port(s): 8086 (http)
2023-04-23 22:14:26,074 INFO org.apache.catalina.core.StandardService [main] Starting service [Tomcat]
2023-04-23 22:14:26,074 INFO org.apache.catalina.core.StandardEngine [main] Starting Servlet engine: [Apache Tomcat/9.0.74]
2023-04-23 22:14:26,416 INFO org.apache.catalina.core.ContainerBase.[Tomcat].[localhost].[/] [main] Initializing Spring embedded WebApplicationContext
2023-04-23 22:14:26,416 INFO org.springframework.boot.web.servlet.context.ServletWebServerApplicationContext [main] Root WebApplicationContext: initialization completed in 2020 ms
2023-04-23 22:14:26,615 INFO org.hibernate.jpa.internal.util.LogHelper [main] HHH000204: Processing PersistenceUnitInfo [name: default]
2023-04-23 22:14:26,692 INFO org.hibernate.Version [main] HHH000412: Hibernate ORM core version 5.6.15.Final
2023-04-23 22:14:26,899 INFO org.hibernate.annotations.common.Version [main] HCANN000001: Hibernate Commons Annotations {5.1.2.Final}
2023-04-23 22:14:27,014 INFO com.zaxxer.hikari.HikariDataSource [main] HikariPool-1 - Starting...
2023-04-23 22:14:27,437 INFO com.zaxxer.hikari.HikariDataSource [main] HikariPool-1 - Start completed.
2023-04-23 22:14:27,473 INFO org.hibernate.dialect.Dialect [main] HHH000400: Using dialect: org.hibernate.dialect.MySQL8Dialect
2023-04-23 22:14:28,242 INFO org.hibernate.engine.transaction.jta.platform.internal.JtaPlatformInitiator [main] HHH000490: Using JtaPlatform implementation: [org.hibernate.engine.transaction.jta.platform.internal.NoJtaPlatform]
2023-04-23 22:14:28,255 INFO org.springframework.orm.jpa.LocalContainerEntityManagerFactoryBean [main] Initialized JPA EntityManagerFactory for persistence unit 'default'
2023-04-23 22:14:28,613 WARN org.springframework.boot.autoconfigure.orm.jpa.JpaBaseConfiguration$JpaWebConfiguration [main] spring.jpa.open-in-view is enabled by default. Therefore, database queries may be performed during view rendering. Explicitly configure spring.jpa.open-in-view to disable this warning
2023-04-23 22:14:29,868 INFO org.springframework.boot.web.embedded.tomcat.TomcatWebServer [main] Tomcat started on port(s): 8086 (http) with context path ''
2023-04-23 22:14:29,882 INFO com.capstone.project.EmployeeManagementSystemApplication [main] Started EmployeeManagementSystemApplication in 6.136 seconds (JVM running for 7.413)
2023-04-23 22:15:45,441 INFO org.apache.catalina.core.ContainerBase.[Tomcat].[localhost].[/] [http-nio-8086-exec-1] Initializing Spring DispatcherServlet 'dispatcherServlet'
2023-04-23 22:15:45,441 INFO org.springframework.web.servlet.DispatcherServlet [http-nio-8086-exec-1] Initializing Servlet 'dispatcherServlet'
2023-04-23 22:15:45,442 INFO org.springframework.web.servlet.DispatcherServlet [http-nio-8086-exec-1] Completed initialization in 1 ms
2023-04-23 22:15:45,473 INFO com.capstone.project.controller.EmployeeController [http-nio-8086-exec-1] Record of employeeId(1002)is called
2023-04-23 22:16:08,896 INFO com.capstone.project.controller.EmployeeController [http-nio-8086-exec-3] Record of employeeId(1009)is called
2023-04-23 22:19:23,920 INFO com.capstone.project.controller.EmployeeController [http-nio-8086-exec-4] Record of employeeId(1009)is called
2023-04-23 22:19:55,719 INFO com.capstone.project.controller.EmployeeController [http-nio-8086-exec-5] Record of employeeId(1002)is called
2023-04-23 22:46:12,413 WARN com.zaxxer.hikari.pool.HikariPool [HikariPool-1 housekeeper] HikariPool-1 - Thread starvation or clock leap detected (housekeeper delta=3m44s411ms33µs100ns).
2023-04-23 23:15:52,080 INFO com.capstone.project.EmployeeManagementSystemApplication [main] Starting EmployeeManagementSystemApplication using Java 17.0.6 on HP with PID 26336 (C:\Users\Rural Water\eclipse-workspace\employee-management-system\target\classes started by Rural Water in C:\Users\Rural Water\eclipse-workspace\employee-management-system)
2023-04-23 23:15:52,086 INFO com.capstone.project.EmployeeManagementSystemApplication [main] No active profile set, falling back to 1 default profile: "default"
2023-04-23 23:15:52,659 INFO org.springframework.data.repository.config.RepositoryConfigurationDelegate [main] Bootstrapping Spring Data JPA repositories in DEFAULT mode.
2023-04-23 23:15:52,778 INFO org.springframework.data.repository.config.RepositoryConfigurationDelegate [main] Finished Spring Data repository scanning in 111 ms. Found 1 JPA repository interfaces.
2023-04-23 23:15:53,174 INFO org.springframework.boot.web.embedded.tomcat.TomcatWebServer [main] Tomcat initialized with port(s): 7777 (https)
2023-04-23 23:15:53,181 INFO org.apache.catalina.core.StandardService [main] Starting service [Tomcat]
2023-04-23 23:15:53,182 INFO org.apache.catalina.core.StandardEngine [main] Starting Servlet engine: [Apache Tomcat/9.0.74]
2023-04-23 23:15:53,474 INFO org.apache.catalina.core.ContainerBase.[Tomcat].[localhost].[/] [main] Initializing Spring embedded WebApplicationContext
2023-04-23 23:15:53,474 INFO org.springframework.boot.web.servlet.context.ServletWebServerApplicationContext [main] Root WebApplicationContext: initialization completed in 1338 ms
2023-04-23 23:15:53,514 WARN org.springframework.boot.web.servlet.context.AnnotationConfigServletWebServerApplicationContext [main] Exception encountered during context initialization - cancelling refresh attempt: org.springframework.beans.factory.UnsatisfiedDependencyException: Error creating bean with name 'dataSourceScriptDatabaseInitializer' defined in class path resource [org/springframework/boot/autoconfigure/sql/init/DataSourceInitializationConfiguration.class]: Unsatisfied dependency expressed through method 'dataSourceScriptDatabaseInitializer' parameter 0; nested exception is org.springframework.beans.factory.BeanCreationException: Error creating bean with name 'dataSource' defined in class path resource [org/springframework/boot/autoconfigure/jdbc/DataSourceConfiguration$Hikari.class]: Bean instantiation via factory method failed; nested exception is org.springframework.beans.BeanInstantiationException: Failed to instantiate [com.zaxxer.hikari.HikariDataSource]: Factory method 'dataSource' threw exception; nested exception is org.springframework.boot.autoconfigure.jdbc.DataSourceProperties$DataSourceBeanCreationException: Failed to determine a suitable driver class
2023-04-23 23:15:53,516 INFO org.apache.catalina.core.StandardService [main] Stopping service [Tomcat]
2023-04-23 23:15:53,535 INFO org.springframework.boot.autoconfigure.logging.ConditionEvaluationReportLoggingListener [main] 

Error starting ApplicationContext. To display the conditions report re-run your application with 'debug' enabled.
2023-04-23 23:15:53,549 ERROR org.springframework.boot.diagnostics.LoggingFailureAnalysisReporter [main] 

***************************
APPLICATION FAILED TO START
***************************

Description:

Failed to configure a DataSource: 'url' attribute is not specified and no embedded datasource could be configured.

Reason: Failed to determine a suitable driver class


Action:

Consider the following:
	If you want an embedded database (H2, HSQL or Derby), please put it on the classpath.
	If you have database settings to be loaded from a particular profile you may need to activate it (no profiles are currently active).

2023-04-23 23:19:13,293 INFO com.capstone.project.EmployeeManagementSystemApplication [main] Starting EmployeeManagementSystemApplication using Java 17.0.6 on HP with PID 5788 (C:\Users\Rural Water\eclipse-workspace\employee-management-system\target\classes started by Rural Water in C:\Users\Rural Water\eclipse-workspace\employee-management-system)
2023-04-23 23:19:13,296 INFO com.capstone.project.EmployeeManagementSystemApplication [main] No active profile set, falling back to 1 default profile: "default"
2023-04-23 23:19:13,849 INFO org.springframework.data.repository.config.RepositoryConfigurationDelegate [main] Bootstrapping Spring Data JPA repositories in DEFAULT mode.
2023-04-23 23:19:14,018 INFO org.springframework.data.repository.config.RepositoryConfigurationDelegate [main] Finished Spring Data repository scanning in 162 ms. Found 1 JPA repository interfaces.
2023-04-23 23:19:14,443 INFO org.springframework.boot.web.embedded.tomcat.TomcatWebServer [main] Tomcat initialized with port(s): 7777 (https)
2023-04-23 23:19:14,452 INFO org.apache.catalina.core.StandardService [main] Starting service [Tomcat]
2023-04-23 23:19:14,452 INFO org.apache.catalina.core.StandardEngine [main] Starting Servlet engine: [Apache Tomcat/9.0.74]
2023-04-23 23:19:14,791 INFO org.apache.catalina.core.ContainerBase.[Tomcat].[localhost].[/] [main] Initializing Spring embedded WebApplicationContext
2023-04-23 23:19:14,792 INFO org.springframework.boot.web.servlet.context.ServletWebServerApplicationContext [main] Root WebApplicationContext: initialization completed in 1450 ms
2023-04-23 23:19:14,827 WARN org.springframework.boot.web.servlet.context.AnnotationConfigServletWebServerApplicationContext [main] Exception encountered during context initialization - cancelling refresh attempt: org.springframework.beans.factory.UnsatisfiedDependencyException: Error creating bean with name 'dataSourceScriptDatabaseInitializer' defined in class path resource [org/springframework/boot/autoconfigure/sql/init/DataSourceInitializationConfiguration.class]: Unsatisfied dependency expressed through method 'dataSourceScriptDatabaseInitializer' parameter 0; nested exception is org.springframework.beans.factory.BeanCreationException: Error creating bean with name 'dataSource' defined in class path resource [org/springframework/boot/autoconfigure/jdbc/DataSourceConfiguration$Hikari.class]: Bean instantiation via factory method failed; nested exception is org.springframework.beans.BeanInstantiationException: Failed to instantiate [com.zaxxer.hikari.HikariDataSource]: Factory method 'dataSource' threw exception; nested exception is org.springframework.boot.autoconfigure.jdbc.DataSourceProperties$DataSourceBeanCreationException: Failed to determine a suitable driver class
2023-04-23 23:19:14,829 INFO org.apache.catalina.core.StandardService [main] Stopping service [Tomcat]
2023-04-23 23:19:14,842 INFO org.springframework.boot.autoconfigure.logging.ConditionEvaluationReportLoggingListener [main] 

Error starting ApplicationContext. To display the conditions report re-run your application with 'debug' enabled.
2023-04-23 23:19:14,856 ERROR org.springframework.boot.diagnostics.LoggingFailureAnalysisReporter [main] 

***************************
APPLICATION FAILED TO START
***************************

Description:

Failed to configure a DataSource: 'url' attribute is not specified and no embedded datasource could be configured.

Reason: Failed to determine a suitable driver class


Action:

Consider the following:
	If you want an embedded database (H2, HSQL or Derby), please put it on the classpath.
	If you have database settings to be loaded from a particular profile you may need to activate it (no profiles are currently active).

2023-04-23 23:20:03,621 INFO com.capstone.project.EmployeeManagementSystemApplication [main] Starting EmployeeManagementSystemApplication using Java 17.0.6 on HP with PID 22040 (C:\Users\Rural Water\eclipse-workspace\employee-management-system\target\classes started by Rural Water in C:\Users\Rural Water\eclipse-workspace\employee-management-system)
2023-04-23 23:20:03,624 INFO com.capstone.project.EmployeeManagementSystemApplication [main] No active profile set, falling back to 1 default profile: "default"
2023-04-23 23:20:04,145 INFO org.springframework.data.repository.config.RepositoryConfigurationDelegate [main] Bootstrapping Spring Data JPA repositories in DEFAULT mode.
2023-04-23 23:20:04,276 INFO org.springframework.data.repository.config.RepositoryConfigurationDelegate [main] Finished Spring Data repository scanning in 123 ms. Found 1 JPA repository interfaces.
2023-04-23 23:20:04,669 INFO org.springframework.boot.web.embedded.tomcat.TomcatWebServer [main] Tomcat initialized with port(s): 8086 (http)
2023-04-23 23:20:04,675 INFO org.apache.catalina.core.StandardService [main] Starting service [Tomcat]
2023-04-23 23:20:04,675 INFO org.apache.catalina.core.StandardEngine [main] Starting Servlet engine: [Apache Tomcat/9.0.74]
2023-04-23 23:20:05,050 INFO org.apache.catalina.core.ContainerBase.[Tomcat].[localhost].[/] [main] Initializing Spring embedded WebApplicationContext
2023-04-23 23:20:05,051 INFO org.springframework.boot.web.servlet.context.ServletWebServerApplicationContext [main] Root WebApplicationContext: initialization completed in 1388 ms
2023-04-23 23:20:05,213 INFO org.hibernate.jpa.internal.util.LogHelper [main] HHH000204: Processing PersistenceUnitInfo [name: default]
2023-04-23 23:20:05,271 INFO org.hibernate.Version [main] HHH000412: Hibernate ORM core version 5.6.15.Final
2023-04-23 23:20:05,453 INFO org.hibernate.annotations.common.Version [main] HCANN000001: Hibernate Commons Annotations {5.1.2.Final}
2023-04-23 23:20:05,579 INFO com.zaxxer.hikari.HikariDataSource [main] HikariPool-1 - Starting...
2023-04-23 23:20:05,912 INFO com.zaxxer.hikari.HikariDataSource [main] HikariPool-1 - Start completed.
2023-04-23 23:20:05,939 INFO org.hibernate.dialect.Dialect [main] HHH000400: Using dialect: org.hibernate.dialect.MySQL8Dialect
2023-04-23 23:20:06,491 INFO org.hibernate.engine.transaction.jta.platform.internal.JtaPlatformInitiator [main] HHH000490: Using JtaPlatform implementation: [org.hibernate.engine.transaction.jta.platform.internal.NoJtaPlatform]
2023-04-23 23:20:06,499 INFO org.springframework.orm.jpa.LocalContainerEntityManagerFactoryBean [main] Initialized JPA EntityManagerFactory for persistence unit 'default'
2023-04-23 23:20:06,764 WARN org.springframework.boot.autoconfigure.orm.jpa.JpaBaseConfiguration$JpaWebConfiguration [main] spring.jpa.open-in-view is enabled by default. Therefore, database queries may be performed during view rendering. Explicitly configure spring.jpa.open-in-view to disable this warning
2023-04-23 23:20:07,681 WARN org.springframework.boot.web.servlet.context.AnnotationConfigServletWebServerApplicationContext [main] Exception encountered during context initialization - cancelling refresh attempt: org.springframework.context.ApplicationContextException: Failed to start bean 'webServerStartStop'; nested exception is org.springframework.boot.web.server.PortInUseException: Port 8086 is already in use
2023-04-23 23:20:07,700 INFO org.springframework.orm.jpa.LocalContainerEntityManagerFactoryBean [main] Closing JPA EntityManagerFactory for persistence unit 'default'
2023-04-23 23:20:07,702 INFO com.zaxxer.hikari.HikariDataSource [main] HikariPool-1 - Shutdown initiated...
2023-04-23 23:20:07,721 INFO com.zaxxer.hikari.HikariDataSource [main] HikariPool-1 - Shutdown completed.
2023-04-23 23:20:07,723 INFO org.apache.catalina.core.StandardService [main] Stopping service [Tomcat]
2023-04-23 23:20:07,735 INFO org.springframework.boot.autoconfigure.logging.ConditionEvaluationReportLoggingListener [main] 

Error starting ApplicationContext. To display the conditions report re-run your application with 'debug' enabled.
2023-04-23 23:20:07,749 ERROR org.springframework.boot.diagnostics.LoggingFailureAnalysisReporter [main] 

***************************
APPLICATION FAILED TO START
***************************

Description:

Web server failed to start. Port 8086 was already in use.

Action:

Identify and stop the process that's listening on port 8086 or configure this application to listen on another port.

2023-04-23 23:20:31,674 INFO com.capstone.project.EmployeeManagementSystemApplication [main] Starting EmployeeManagementSystemApplication using Java 17.0.6 on HP with PID 22072 (C:\Users\Rural Water\eclipse-workspace\employee-management-system\target\classes started by Rural Water in C:\Users\Rural Water\eclipse-workspace\employee-management-system)
2023-04-23 23:20:31,676 INFO com.capstone.project.EmployeeManagementSystemApplication [main] No active profile set, falling back to 1 default profile: "default"
2023-04-23 23:20:32,144 INFO org.springframework.data.repository.config.RepositoryConfigurationDelegate [main] Bootstrapping Spring Data JPA repositories in DEFAULT mode.
2023-04-23 23:20:32,231 INFO org.springframework.data.repository.config.RepositoryConfigurationDelegate [main] Finished Spring Data repository scanning in 81 ms. Found 1 JPA repository interfaces.
2023-04-23 23:20:32,578 INFO org.springframework.boot.web.embedded.tomcat.TomcatWebServer [main] Tomcat initialized with port(s): 8087 (http)
2023-04-23 23:20:32,584 INFO org.apache.catalina.core.StandardService [main] Starting service [Tomcat]
2023-04-23 23:20:32,585 INFO org.apache.catalina.core.StandardEngine [main] Starting Servlet engine: [Apache Tomcat/9.0.74]
2023-04-23 23:20:32,928 INFO org.apache.catalina.core.ContainerBase.[Tomcat].[localhost].[/] [main] Initializing Spring embedded WebApplicationContext
2023-04-23 23:20:32,928 INFO org.springframework.boot.web.servlet.context.ServletWebServerApplicationContext [main] Root WebApplicationContext: initialization completed in 1215 ms
2023-04-23 23:20:33,071 INFO org.hibernate.jpa.internal.util.LogHelper [main] HHH000204: Processing PersistenceUnitInfo [name: default]
2023-04-23 23:20:33,097 INFO org.hibernate.Version [main] HHH000412: Hibernate ORM core version 5.6.15.Final
2023-04-23 23:20:33,190 INFO org.hibernate.annotations.common.Version [main] HCANN000001: Hibernate Commons Annotations {5.1.2.Final}
2023-04-23 23:20:33,257 INFO com.zaxxer.hikari.HikariDataSource [main] HikariPool-1 - Starting...
2023-04-23 23:20:33,457 INFO com.zaxxer.hikari.HikariDataSource [main] HikariPool-1 - Start completed.
2023-04-23 23:20:33,474 INFO org.hibernate.dialect.Dialect [main] HHH000400: Using dialect: org.hibernate.dialect.MySQL8Dialect
2023-04-23 23:20:33,938 INFO org.hibernate.engine.transaction.jta.platform.internal.JtaPlatformInitiator [main] HHH000490: Using JtaPlatform implementation: [org.hibernate.engine.transaction.jta.platform.internal.NoJtaPlatform]
2023-04-23 23:20:33,948 INFO org.springframework.orm.jpa.LocalContainerEntityManagerFactoryBean [main] Initialized JPA EntityManagerFactory for persistence unit 'default'
2023-04-23 23:20:34,192 WARN org.springframework.boot.autoconfigure.orm.jpa.JpaBaseConfiguration$JpaWebConfiguration [main] spring.jpa.open-in-view is enabled by default. Therefore, database queries may be performed during view rendering. Explicitly configure spring.jpa.open-in-view to disable this warning
2023-04-23 23:20:34,982 INFO org.springframework.boot.web.embedded.tomcat.TomcatWebServer [main] Tomcat started on port(s): 8087 (http) with context path ''
2023-04-23 23:20:34,987 INFO com.capstone.project.EmployeeManagementSystemApplication [main] Started EmployeeManagementSystemApplication in 3.603 seconds (JVM running for 4.408)
2023-04-23 23:21:59,406 INFO com.capstone.project.EmployeeManagementSystemApplication [main] Starting EmployeeManagementSystemApplication using Java 17.0.6 on HP with PID 26300 (C:\Users\Rural Water\eclipse-workspace\employee-management-system\target\classes started by Rural Water in C:\Users\Rural Water\eclipse-workspace\employee-management-system)
2023-04-23 23:21:59,408 INFO com.capstone.project.EmployeeManagementSystemApplication [main] No active profile set, falling back to 1 default profile: "default"
2023-04-23 23:21:59,975 INFO org.springframework.data.repository.config.RepositoryConfigurationDelegate [main] Bootstrapping Spring Data JPA repositories in DEFAULT mode.
2023-04-23 23:22:00,073 INFO org.springframework.data.repository.config.RepositoryConfigurationDelegate [main] Finished Spring Data repository scanning in 92 ms. Found 1 JPA repository interfaces.
2023-04-23 23:22:00,396 INFO org.springframework.boot.web.embedded.tomcat.TomcatWebServer [main] Tomcat initialized with port(s): 8087 (http)
2023-04-23 23:22:00,403 INFO org.apache.catalina.core.StandardService [main] Starting service [Tomcat]
2023-04-23 23:22:00,403 INFO org.apache.catalina.core.StandardEngine [main] Starting Servlet engine: [Apache Tomcat/9.0.74]
2023-04-23 23:22:00,694 INFO org.apache.catalina.core.ContainerBase.[Tomcat].[localhost].[/] [main] Initializing Spring embedded WebApplicationContext
2023-04-23 23:22:00,695 INFO org.springframework.boot.web.servlet.context.ServletWebServerApplicationContext [main] Root WebApplicationContext: initialization completed in 1246 ms
2023-04-23 23:22:00,807 INFO org.hibernate.jpa.internal.util.LogHelper [main] HHH000204: Processing PersistenceUnitInfo [name: default]
2023-04-23 23:22:00,835 INFO org.hibernate.Version [main] HHH000412: Hibernate ORM core version 5.6.15.Final
2023-04-23 23:22:00,924 INFO org.hibernate.annotations.common.Version [main] HCANN000001: Hibernate Commons Annotations {5.1.2.Final}
2023-04-23 23:22:00,978 INFO com.zaxxer.hikari.HikariDataSource [main] HikariPool-1 - Starting...
2023-04-23 23:22:01,278 INFO com.zaxxer.hikari.HikariDataSource [main] HikariPool-1 - Start completed.
2023-04-23 23:22:01,300 INFO org.hibernate.dialect.Dialect [main] HHH000400: Using dialect: org.hibernate.dialect.MySQL8Dialect
2023-04-23 23:22:01,735 INFO org.hibernate.engine.transaction.jta.platform.internal.JtaPlatformInitiator [main] HHH000490: Using JtaPlatform implementation: [org.hibernate.engine.transaction.jta.platform.internal.NoJtaPlatform]
2023-04-23 23:22:01,741 INFO org.springframework.orm.jpa.LocalContainerEntityManagerFactoryBean [main] Initialized JPA EntityManagerFactory for persistence unit 'default'
2023-04-23 23:22:01,953 WARN org.springframework.boot.autoconfigure.orm.jpa.JpaBaseConfiguration$JpaWebConfiguration [main] spring.jpa.open-in-view is enabled by default. Therefore, database queries may be performed during view rendering. Explicitly configure spring.jpa.open-in-view to disable this warning
2023-04-23 23:22:02,749 WARN org.springframework.boot.web.servlet.context.AnnotationConfigServletWebServerApplicationContext [main] Exception encountered during context initialization - cancelling refresh attempt: org.springframework.context.ApplicationContextException: Failed to start bean 'webServerStartStop'; nested exception is org.springframework.boot.web.server.PortInUseException: Port 8087 is already in use
2023-04-23 23:22:02,759 INFO org.springframework.orm.jpa.LocalContainerEntityManagerFactoryBean [main] Closing JPA EntityManagerFactory for persistence unit 'default'
2023-04-23 23:22:02,760 INFO com.zaxxer.hikari.HikariDataSource [main] HikariPool-1 - Shutdown initiated...
2023-04-23 23:22:02,768 INFO com.zaxxer.hikari.HikariDataSource [main] HikariPool-1 - Shutdown completed.
2023-04-23 23:22:02,770 INFO org.apache.catalina.core.StandardService [main] Stopping service [Tomcat]
2023-04-23 23:22:02,777 INFO org.springframework.boot.autoconfigure.logging.ConditionEvaluationReportLoggingListener [main] 

Error starting ApplicationContext. To display the conditions report re-run your application with 'debug' enabled.
2023-04-23 23:22:02,790 ERROR org.springframework.boot.diagnostics.LoggingFailureAnalysisReporter [main] 

***************************
APPLICATION FAILED TO START
***************************

Description:

Web server failed to start. Port 8087 was already in use.

Action:

Identify and stop the process that's listening on port 8087 or configure this application to listen on another port.

2023-04-23 23:22:46,446 INFO com.capstone.project.EmployeeManagementSystemApplication [main] Starting EmployeeManagementSystemApplication using Java 17.0.6 on HP with PID 22612 (C:\Users\Rural Water\eclipse-workspace\employee-management-system\target\classes started by Rural Water in C:\Users\Rural Water\eclipse-workspace\employee-management-system)
2023-04-23 23:22:46,449 INFO com.capstone.project.EmployeeManagementSystemApplication [main] No active profile set, falling back to 1 default profile: "default"
2023-04-23 23:22:46,935 INFO org.springframework.data.repository.config.RepositoryConfigurationDelegate [main] Bootstrapping Spring Data JPA repositories in DEFAULT mode.
2023-04-23 23:22:47,122 INFO org.springframework.data.repository.config.RepositoryConfigurationDelegate [main] Finished Spring Data repository scanning in 168 ms. Found 1 JPA repository interfaces.
2023-04-23 23:22:47,478 INFO org.springframework.boot.web.embedded.tomcat.TomcatWebServer [main] Tomcat initialized with port(s): 8087 (https)
2023-04-23 23:22:47,485 INFO org.apache.catalina.core.StandardService [main] Starting service [Tomcat]
2023-04-23 23:22:47,485 INFO org.apache.catalina.core.StandardEngine [main] Starting Servlet engine: [Apache Tomcat/9.0.74]
2023-04-23 23:22:47,767 INFO org.apache.catalina.core.ContainerBase.[Tomcat].[localhost].[/] [main] Initializing Spring embedded WebApplicationContext
2023-04-23 23:22:47,770 INFO org.springframework.boot.web.servlet.context.ServletWebServerApplicationContext [main] Root WebApplicationContext: initialization completed in 1287 ms
2023-04-23 23:22:47,887 INFO org.hibernate.jpa.internal.util.LogHelper [main] HHH000204: Processing PersistenceUnitInfo [name: default]
2023-04-23 23:22:47,932 INFO org.hibernate.Version [main] HHH000412: Hibernate ORM core version 5.6.15.Final
2023-04-23 23:22:48,075 INFO org.hibernate.annotations.common.Version [main] HCANN000001: Hibernate Commons Annotations {5.1.2.Final}
2023-04-23 23:22:48,167 INFO com.zaxxer.hikari.HikariDataSource [main] HikariPool-1 - Starting...
2023-04-23 23:22:48,397 INFO com.zaxxer.hikari.HikariDataSource [main] HikariPool-1 - Start completed.
2023-04-23 23:22:48,419 INFO org.hibernate.dialect.Dialect [main] HHH000400: Using dialect: org.hibernate.dialect.MySQL8Dialect
2023-04-23 23:22:48,876 INFO org.hibernate.engine.transaction.jta.platform.internal.JtaPlatformInitiator [main] HHH000490: Using JtaPlatform implementation: [org.hibernate.engine.transaction.jta.platform.internal.NoJtaPlatform]
2023-04-23 23:22:48,883 INFO org.springframework.orm.jpa.LocalContainerEntityManagerFactoryBean [main] Initialized JPA EntityManagerFactory for persistence unit 'default'
2023-04-23 23:22:49,111 WARN org.springframework.boot.autoconfigure.orm.jpa.JpaBaseConfiguration$JpaWebConfiguration [main] spring.jpa.open-in-view is enabled by default. Therefore, database queries may be performed during view rendering. Explicitly configure spring.jpa.open-in-view to disable this warning
2023-04-23 23:22:49,918 WARN org.springframework.boot.web.servlet.context.AnnotationConfigServletWebServerApplicationContext [main] Exception encountered during context initialization - cancelling refresh attempt: org.springframework.context.ApplicationContextException: Failed to start bean 'webServerStartStop'; nested exception is org.springframework.boot.web.server.PortInUseException: Port 8087 is already in use
2023-04-23 23:22:49,951 INFO org.springframework.orm.jpa.LocalContainerEntityManagerFactoryBean [main] Closing JPA EntityManagerFactory for persistence unit 'default'
2023-04-23 23:22:49,966 INFO com.zaxxer.hikari.HikariDataSource [main] HikariPool-1 - Shutdown initiated...
2023-04-23 23:22:49,983 INFO com.zaxxer.hikari.HikariDataSource [main] HikariPool-1 - Shutdown completed.
2023-04-23 23:22:49,985 INFO org.apache.catalina.core.StandardService [main] Stopping service [Tomcat]
2023-04-23 23:22:50,025 INFO org.springframework.boot.autoconfigure.logging.ConditionEvaluationReportLoggingListener [main] 

Error starting ApplicationContext. To display the conditions report re-run your application with 'debug' enabled.
2023-04-23 23:22:50,055 ERROR org.springframework.boot.diagnostics.LoggingFailureAnalysisReporter [main] 

***************************
APPLICATION FAILED TO START
***************************

Description:

Web server failed to start. Port 8087 was already in use.

Action:

Identify and stop the process that's listening on port 8087 or configure this application to listen on another port.

2023-04-23 23:23:59,729 INFO com.capstone.project.EmployeeManagementSystemApplication [main] Starting EmployeeManagementSystemApplication using Java 17.0.6 on HP with PID 18848 (C:\Users\Rural Water\eclipse-workspace\employee-management-system\target\classes started by Rural Water in C:\Users\Rural Water\eclipse-workspace\employee-management-system)
2023-04-23 23:23:59,731 INFO com.capstone.project.EmployeeManagementSystemApplication [main] No active profile set, falling back to 1 default profile: "default"
2023-04-23 23:24:00,193 INFO org.springframework.data.repository.config.RepositoryConfigurationDelegate [main] Bootstrapping Spring Data JPA repositories in DEFAULT mode.
2023-04-23 23:24:00,283 INFO org.springframework.data.repository.config.RepositoryConfigurationDelegate [main] Finished Spring Data repository scanning in 84 ms. Found 1 JPA repository interfaces.
2023-04-23 23:24:00,631 INFO org.springframework.boot.web.embedded.tomcat.TomcatWebServer [main] Tomcat initialized with port(s): 8087 (https)
2023-04-23 23:24:00,638 INFO org.apache.catalina.core.StandardService [main] Starting service [Tomcat]
2023-04-23 23:24:00,638 INFO org.apache.catalina.core.StandardEngine [main] Starting Servlet engine: [Apache Tomcat/9.0.74]
2023-04-23 23:24:00,938 INFO org.apache.catalina.core.ContainerBase.[Tomcat].[localhost].[/] [main] Initializing Spring embedded WebApplicationContext
2023-04-23 23:24:00,939 INFO org.springframework.boot.web.servlet.context.ServletWebServerApplicationContext [main] Root WebApplicationContext: initialization completed in 1170 ms
2023-04-23 23:24:01,049 INFO org.hibernate.jpa.internal.util.LogHelper [main] HHH000204: Processing PersistenceUnitInfo [name: default]
2023-04-23 23:24:01,077 INFO org.hibernate.Version [main] HHH000412: Hibernate ORM core version 5.6.15.Final
2023-04-23 23:24:01,181 INFO org.hibernate.annotations.common.Version [main] HCANN000001: Hibernate Commons Annotations {5.1.2.Final}
2023-04-23 23:24:01,238 INFO com.zaxxer.hikari.HikariDataSource [main] HikariPool-1 - Starting...
2023-04-23 23:24:01,459 INFO com.zaxxer.hikari.HikariDataSource [main] HikariPool-1 - Start completed.
2023-04-23 23:24:01,476 INFO org.hibernate.dialect.Dialect [main] HHH000400: Using dialect: org.hibernate.dialect.MySQL8Dialect
2023-04-23 23:24:01,912 INFO org.hibernate.engine.transaction.jta.platform.internal.JtaPlatformInitiator [main] HHH000490: Using JtaPlatform implementation: [org.hibernate.engine.transaction.jta.platform.internal.NoJtaPlatform]
2023-04-23 23:24:01,919 INFO org.springframework.orm.jpa.LocalContainerEntityManagerFactoryBean [main] Initialized JPA EntityManagerFactory for persistence unit 'default'
2023-04-23 23:24:02,154 WARN org.springframework.boot.autoconfigure.orm.jpa.JpaBaseConfiguration$JpaWebConfiguration [main] spring.jpa.open-in-view is enabled by default. Therefore, database queries may be performed during view rendering. Explicitly configure spring.jpa.open-in-view to disable this warning
2023-04-23 23:24:02,926 WARN org.springframework.boot.web.servlet.context.AnnotationConfigServletWebServerApplicationContext [main] Exception encountered during context initialization - cancelling refresh attempt: org.springframework.context.ApplicationContextException: Failed to start bean 'webServerStartStop'; nested exception is org.springframework.boot.web.server.PortInUseException: Port 8087 is already in use
2023-04-23 23:24:02,961 INFO org.springframework.orm.jpa.LocalContainerEntityManagerFactoryBean [main] Closing JPA EntityManagerFactory for persistence unit 'default'
2023-04-23 23:24:02,964 INFO com.zaxxer.hikari.HikariDataSource [main] HikariPool-1 - Shutdown initiated...
2023-04-23 23:24:02,971 INFO com.zaxxer.hikari.HikariDataSource [main] HikariPool-1 - Shutdown completed.
2023-04-23 23:24:02,973 INFO org.apache.catalina.core.StandardService [main] Stopping service [Tomcat]
2023-04-23 23:24:02,982 INFO org.springframework.boot.autoconfigure.logging.ConditionEvaluationReportLoggingListener [main] 

Error starting ApplicationContext. To display the conditions report re-run your application with 'debug' enabled.
2023-04-23 23:24:02,996 ERROR org.springframework.boot.diagnostics.LoggingFailureAnalysisReporter [main] 

***************************
APPLICATION FAILED TO START
***************************

Description:

Web server failed to start. Port 8087 was already in use.

Action:

Identify and stop the process that's listening on port 8087 or configure this application to listen on another port.

2023-04-23 23:24:21,514 INFO org.springframework.boot.admin.SpringApplicationAdminMXBeanRegistrar$SpringApplicationAdmin [RMI TCP Connection(70)-127.0.0.1] Application shutdown requested.
2023-04-23 23:24:22,059 INFO org.apache.catalina.core.StandardService [RMI TCP Connection(70)-127.0.0.1] Stopping service [Tomcat]
2023-04-23 23:24:22,091 INFO org.apache.catalina.core.ContainerBase.[Tomcat].[localhost].[/] [RMI TCP Connection(70)-127.0.0.1] Destroying Spring FrameworkServlet 'dispatcherServlet'
2023-04-23 23:24:22,355 INFO org.springframework.orm.jpa.LocalContainerEntityManagerFactoryBean [RMI TCP Connection(70)-127.0.0.1] Closing JPA EntityManagerFactory for persistence unit 'default'
2023-04-23 23:24:22,378 INFO com.zaxxer.hikari.HikariDataSource [RMI TCP Connection(70)-127.0.0.1] HikariPool-1 - Shutdown initiated...
2023-04-23 23:24:22,392 INFO com.zaxxer.hikari.HikariDataSource [RMI TCP Connection(70)-127.0.0.1] HikariPool-1 - Shutdown completed.
2023-04-23 23:24:23,024 INFO org.springframework.boot.admin.SpringApplicationAdminMXBeanRegistrar$SpringApplicationAdmin [RMI TCP Connection(7)-127.0.0.1] Application shutdown requested.
2023-04-23 23:24:23,116 INFO org.apache.catalina.core.StandardService [RMI TCP Connection(7)-127.0.0.1] Stopping service [Tomcat]
2023-04-23 23:24:23,134 INFO org.springframework.orm.jpa.LocalContainerEntityManagerFactoryBean [RMI TCP Connection(7)-127.0.0.1] Closing JPA EntityManagerFactory for persistence unit 'default'
2023-04-23 23:24:23,135 INFO com.zaxxer.hikari.HikariDataSource [RMI TCP Connection(7)-127.0.0.1] HikariPool-1 - Shutdown initiated...
2023-04-23 23:24:23,144 INFO com.zaxxer.hikari.HikariDataSource [RMI TCP Connection(7)-127.0.0.1] HikariPool-1 - Shutdown completed.
